blender --background --python-use-system-env --python d20_renderer/run.py -- --config config_large_green.json \
	--outcomes 20 --output-dir ./renders_large \
	
Blender 4.3.2
bake: frame 1 :: 240
bake: frame 2 :: 240
bake: frame 3 :: 240
bake: frame 4 :: 240
bake: frame 5 :: 240
bake: frame 6 :: 240
bake: frame 7 :: 240
bake: frame 8 :: 240
bake: frame 9 :: 240
bake: frame 10 :: 240
bake: frame 11 :: 240
bake: frame 12 :: 240
bake: frame 13 :: 240
bake: frame 14 :: 240
bake: frame 15 :: 240
bake: frame 16 :: 240
bake: frame 17 :: 240
bake: frame 18 :: 240
bake: frame 19 :: 240
bake: frame 20 :: 240
bake: frame 21 :: 240
bake: frame 22 :: 240
bake: frame 23 :: 240
bake: frame 24 :: 240
bake: frame 25 :: 240
bake: frame 26 :: 240
bake: frame 27 :: 240
bake: frame 28 :: 240
bake: frame 29 :: 240
bake: frame 30 :: 240
bake: frame 31 :: 240
bake: frame 32 :: 240
bake: frame 33 :: 240
bake: frame 34 :: 240
bake: frame 35 :: 240
bake: frame 36 :: 240
bake: frame 37 :: 240
bake: frame 38 :: 240
bake: frame 39 :: 240
bake: frame 40 :: 240
bake: frame 41 :: 240
bake: frame 42 :: 240
bake: frame 43 :: 240
bake: frame 44 :: 240
bake: frame 45 :: 240
bake: frame 46 :: 240
bake: frame 47 :: 240
bake: frame 48 :: 240
bake: frame 49 :: 240
bake: frame 50 :: 240
bake: frame 51 :: 240
bake: frame 52 :: 240
bake: frame 53 :: 240
bake: frame 54 :: 240
bake: frame 55 :: 240
bake: frame 56 :: 240
bake: frame 57 :: 240
bake: frame 58 :: 240
bake: frame 59 :: 240
bake: frame 60 :: 240
bake: frame 61 :: 240
bake: frame 62 :: 240
bake: frame 63 :: 240
bake: frame 64 :: 240
bake: frame 65 :: 240
bake: frame 66 :: 240
bake: frame 67 :: 240
bake: frame 68 :: 240
bake: frame 69 :: 240
bake: frame 70 :: 240
bake: frame 71 :: 240
bake: frame 72 :: 240
bake: frame 73 :: 240
bake: frame 74 :: 240
bake: frame 75 :: 240
bake: frame 76 :: 240
bake: frame 77 :: 240
bake: frame 78 :: 240
bake: frame 79 :: 240
bake: frame 80 :: 240
bake: frame 81 :: 240
bake: frame 82 :: 240
bake: frame 83 :: 240
bake: frame 84 :: 240
bake: frame 85 :: 240
bake: frame 86 :: 240
bake: frame 87 :: 240
bake: frame 88 :: 240
bake: frame 89 :: 240
bake: frame 90 :: 240
bake: frame 91 :: 240
bake: frame 92 :: 240
bake: frame 93 :: 240
bake: frame 94 :: 240
bake: frame 95 :: 240
bake: frame 96 :: 240
bake: frame 97 :: 240
bake: frame 98 :: 240
bake: frame 99 :: 240
bake: frame 100 :: 240
bake: frame 101 :: 240
bake: frame 102 :: 240
bake: frame 103 :: 240
bake: frame 104 :: 240
bake: frame 105 :: 240
bake: frame 106 :: 240
bake: frame 107 :: 240
bake: frame 108 :: 240
bake: frame 109 :: 240
bake: frame 110 :: 240
bake: frame 111 :: 240
bake: frame 112 :: 240
bake: frame 113 :: 240
bake: frame 114 :: 240
bake: frame 115 :: 240
bake: frame 116 :: 240
bake: frame 117 :: 240
bake: frame 118 :: 240
bake: frame 119 :: 240
bake: frame 120 :: 240
bake: frame 121 :: 240
bake: frame 122 :: 240
bake: frame 123 :: 240
bake: frame 124 :: 240
bake: frame 125 :: 240
bake: frame 126 :: 240
bake: frame 127 :: 240
bake: frame 128 :: 240
bake: frame 129 :: 240
bake: frame 130 :: 240
bake: frame 131 :: 240
bake: frame 132 :: 240
bake: frame 133 :: 240
bake: frame 134 :: 240
bake: frame 135 :: 240
bake: frame 136 :: 240
bake: frame 137 :: 240
bake: frame 138 :: 240
bake: frame 139 :: 240
bake: frame 140 :: 240
bake: frame 141 :: 240
bake: frame 142 :: 240
bake: frame 143 :: 240
bake: frame 144 :: 240
bake: frame 145 :: 240
bake: frame 146 :: 240
bake: frame 147 :: 240
bake: frame 148 :: 240
bake: frame 149 :: 240
bake: frame 150 :: 240
bake: frame 151 :: 240
bake: frame 152 :: 240
bake: frame 153 :: 240
bake: frame 154 :: 240
bake: frame 155 :: 240
bake: frame 156 :: 240
bake: frame 157 :: 240
bake: frame 158 :: 240
bake: frame 159 :: 240
bake: frame 160 :: 240
bake: frame 161 :: 240
bake: frame 162 :: 240
bake: frame 163 :: 240
bake: frame 164 :: 240
bake: frame 165 :: 240
bake: frame 166 :: 240
bake: frame 167 :: 240
bake: frame 168 :: 240
bake: frame 169 :: 240
bake: frame 170 :: 240
bake: frame 171 :: 240
bake: frame 172 :: 240
bake: frame 173 :: 240
bake: frame 174 :: 240
bake: frame 175 :: 240
bake: frame 176 :: 240
bake: frame 177 :: 240
bake: frame 178 :: 240
bake: frame 179 :: 240
bake: frame 180 :: 240
bake: frame 181 :: 240
bake: frame 182 :: 240
bakeTraceback (most recent call last):
  File "/mnt/x/danieljpost-pro/github/Blender-D20/d20_renderer/run.py", line 322, in <module>
    main()
    ~~~~^^
  File "/mnt/x/danieljpost-pro/github/Blender-D20/d20_renderer/run.py", line 310, in main
    run(cfg)
    ~~~^^^^^
  File "/mnt/x/danieljpost-pro/github/Blender-D20/d20_renderer/pipeline.py", line 145, in run
    die_mod.assign_outcome_to_face(die_obj, up_face_index=up_face, desired_value=outcome)
    ~~~~~~~~~~~~~~~~~~~~~~~~~~~~~~^^^^^^^^^^^^^^^^^^^^^^^^^^^^^^^^^^^^^^^^^^^^^^^^^^^^^^^
  File "/mnt/x/danieljpost-pro/github/Blender-D20/d20_renderer/die.py", line 280, in assign_outcome_to_face
    current[a_opp], current[b_opp] = current[b_opp], current[a_opp]
                                     ~~~~~~~^^^^^^^
KeyError: 144
[d20] Pipeline starting. Outcomes: [20]
[d20] scene: building
[d20] physics: cache MISS — baking simulation (key=0be7eb020e9ddd2f)
[d20] Die settled at frame 35, up-facing face index = 14 (currently shows '15')
: frame 183 :: 240
bake: frame 184 :: 240
bake: frame 185 :: 240
bake: frame 186 :: 240
bake: frame 187 :: 240
bake: frame 188 :: 240
bake: frame 189 :: 240
bake: frame 190 :: 240
bake: frame 191 :: 240
bake: frame 192 :: 240
bake: frame 193 :: 240
bake: frame 194 :: 240
bake: frame 195 :: 240
bake: frame 196 :: 240
bake: frame 197 :: 240
bake: frame 198 :: 240
bake: frame 199 :: 240
bake: frame 200 :: 240
bake: frame 201 :: 240
bake: frame 202 :: 240
bake: frame 203 :: 240
bake: frame 204 :: 240
bake: frame 205 :: 240
bake: frame 206 :: 240
bake: frame 207 :: 240
bake: frame 208 :: 240
bake: frame 209 :: 240
bake: frame 210 :: 240
bake: frame 211 :: 240
bake: frame 212 :: 240
bake: frame 213 :: 240
bake: frame 214 :: 240
bake: frame 215 :: 240
bake: frame 216 :: 240
bake: frame 217 :: 240
bake: frame 218 :: 240
bake: frame 219 :: 240
bake: frame 220 :: 240
bake: frame 221 :: 240
bake: frame 222 :: 240
bake: frame 223 :: 240
bake: frame 224 :: 240
bake: frame 225 :: 240
bake: frame 226 :: 240
bake: frame 227 :: 240
bake: frame 228 :: 240
bake: frame 229 :: 240
bake: frame 230 :: 240
bake: frame 231 :: 240
bake: frame 232 :: 240
bake: frame 233 :: 240
bake: frame 234 :: 240
bake: frame 235 :: 240
bake: frame 236 :: 240
bake: frame 237 :: 240
bake: frame 238 :: 240
bake: frame 239 :: 240
bake: frame 240 :: 240

Blender quit
